[0813/100439.833:ERROR:broker_win.cc(134)] Error sending sync broker message
[0813/123137.974:ERROR:broker_win.cc(134)] Error sending sync broker message
[0813/123313.548:ERROR:broker_win.cc(134)] Error sending sync broker message
[0813/123313.550:ERROR:broker_win.cc(134)] Error sending sync broker message
[0813/124824.749:ERROR:broker_win.cc(134)] Error sending sync broker message
[0813/124824.751:ERROR:broker_win.cc(134)] Error sending sync broker message
[0813/124824.753:ERROR:broker_win.cc(134)] Error sending sync broker message
[0813/124824.753:ERROR:broker_win.cc(134)] Error sending sync broker message
[0813/124824.769:ERROR:broker_win.cc(134)] Error sending sync broker message
[0813/124824.769:ERROR:broker_win.cc(134)] Error sending sync broker message
[0813/124824.769:ERROR:broker_win.cc(134)] Error sending sync broker message
[0813/125331.236:INFO:CONSOLE(4)] "Uncaught TypeError: Cannot read property 'setAttribute' of undefined", source: https://cdnjs.cloudflare.com/ajax/libs/popper.js/1.12.9/umd/popper.min.js (4)
[0813/125332.510:INFO:CONSOLE(4)] "Uncaught TypeError: Cannot read property 'setAttribute' of undefined", source: https://cdnjs.cloudflare.com/ajax/libs/popper.js/1.12.9/umd/popper.min.js (4)
[0813/125346.644:INFO:CONSOLE(4)] "Uncaught TypeError: Cannot read property 'setAttribute' of undefined", source: https://cdnjs.cloudflare.com/ajax/libs/popper.js/1.12.9/umd/popper.min.js (4)
[0813/125347.157:INFO:CONSOLE(4)] "Uncaught TypeError: Cannot read property 'setAttribute' of undefined", source: https://cdnjs.cloudflare.com/ajax/libs/popper.js/1.12.9/umd/popper.min.js (4)
[0813/125736.463:ERROR:broker_win.cc(134)] Error sending sync broker message
[0813/125736.491:ERROR:broker_win.cc(134)] Error sending sync broker message
[0813/125736.491:ERROR:broker_win.cc(134)] Error sending sync broker message
[0813/125736.491:ERROR:broker_win.cc(134)] Error sending sync broker message
[0813/125736.491:ERROR:broker_win.cc(134)] Error sending sync broker message
[0813/125736.491:ERROR:broker_win.cc(134)] Error sending sync broker message
[0813/125736.491:ERROR:broker_win.cc(134)] Error sending sync broker message
[0813/125736.491:ERROR:broker_win.cc(134)] Error sending sync broker message
[0813/143327.069:ERROR:broker_win.cc(134)] Error sending sync broker message
[0813/143327.069:ERROR:broker_win.cc(134)] Error sending sync broker message
[0813/143327.069:ERROR:broker_win.cc(134)] Error sending sync broker message
[0813/143327.069:ERROR:broker_win.cc(134)] Error sending sync broker message
[0813/143327.069:ERROR:broker_win.cc(134)] Error sending sync broker message
[0813/143327.069:ERROR:broker_win.cc(134)] Error sending sync broker message
[0813/143327.069:ERROR:broker_win.cc(134)] Error sending sync broker message
[0813/143327.069:ERROR:broker_win.cc(134)] Error sending sync broker message
[0813/143327.069:ERROR:broker_win.cc(134)] Error sending sync broker message
[0813/143327.069:ERROR:broker_win.cc(134)] Error sending sync broker message
[0813/143327.069:ERROR:broker_win.cc(134)] Error sending sync broker message
[0813/145937.239:ERROR:broker_win.cc(134)] Error sending sync broker message
[0813/145937.239:ERROR:broker_win.cc(134)] Error sending sync broker message
[0813/145937.239:ERROR:broker_win.cc(134)] Error sending sync broker message
[0813/145937.239:ERROR:broker_win.cc(134)] Error sending sync broker message
[0813/145937.239:ERROR:broker_win.cc(134)] Error sending sync broker message
[0813/145937.239:ERROR:broker_win.cc(134)] Error sending sync broker message
[0813/145937.239:ERROR:broker_win.cc(134)] Error sending sync broker message
[0813/145937.239:ERROR:broker_win.cc(134)] Error sending sync broker message
[0813/145937.239:ERROR:broker_win.cc(134)] Error sending sync broker message
[0813/145937.239:ERROR:broker_win.cc(134)] Error sending sync broker message
[0813/145937.239:ERROR:broker_win.cc(134)] Error sending sync broker message
[0813/145937.239:ERROR:broker_win.cc(134)] Error sending sync broker message
[0813/145937.239:ERROR:broker_win.cc(134)] Error sending sync broker message
[0813/145937.239:ERROR:broker_win.cc(134)] Error sending sync broker message
[0813/145937.254:ERROR:broker_win.cc(134)] Error sending sync broker message
[0813/145937.254:ERROR:broker_win.cc(134)] Error sending sync broker message
[0813/145937.254:ERROR:broker_win.cc(134)] Error sending sync broker message
[0813/145937.254:ERROR:broker_win.cc(134)] Error sending sync broker message
[0813/145937.254:ERROR:broker_win.cc(134)] Error sending sync broker message
[0813/151720.092:INFO:CONSOLE(129)] "Uncaught SyntaxError: Unexpected token :", source: file:///C:/Users/Back-Warehouse/Documents/Visual%20Studio%202017/Projects/FBAContentApp/FBAContentApp/Views/AppWindows/Help.html (129)
[0813/155016.814:ERROR:render_media_log.cc(30)] MediaEvent: MEDIA_ERROR_LOG_ENTRY {"error":"FFmpegDemuxer: open context failed"}
[0813/155016.842:ERROR:render_media_log.cc(30)] MediaEvent: PIPELINE_ERROR DEMUXER_ERROR_COULD_NOT_OPEN
[0813/161106.516:WARNING:render_frame_host_impl.cc(2751)] OnDidStopLoading was called twice.
[0813/165800.899:ERROR:broker_win.cc(134)] Error sending sync broker message
[0815/140126.236:INFO:CONSOLE(288)] "Uncaught TypeError: Cannot read property 'children' of null", source: file:///C:/Users/Back-Warehouse/Documents/Visual%20Studio%202017/Projects/FBAContentApp/FBAContentApp/Views/AppWindows/Help.html (288)
[0815/140132.018:INFO:CONSOLE(288)] "Uncaught TypeError: Cannot read property 'children' of null", source: file:///C:/Users/Back-Warehouse/Documents/Visual%20Studio%202017/Projects/FBAContentApp/FBAContentApp/Views/AppWindows/Help.html (288)
[0820/163623.028:INFO:CONSOLE(430)] "Uncaught TypeError: Cannot read property 'children' of null", source: file:///C:/Users/Back-Warehouse/Documents/Visual%20Studio%202017/Projects/FBAContentApp/FBAContentApp/Views/AppWindows/Help.html (430)
[0820/163630.433:INFO:CONSOLE(430)] "Uncaught TypeError: Cannot read property 'children' of null", source: file:///C:/Users/Back-Warehouse/Documents/Visual%20Studio%202017/Projects/FBAContentApp/FBAContentApp/Views/AppWindows/Help.html (430)
[0820/163636.152:INFO:CONSOLE(430)] "Uncaught TypeError: Cannot read property 'children' of null", source: file:///C:/Users/Back-Warehouse/Documents/Visual%20Studio%202017/Projects/FBAContentApp/FBAContentApp/Views/AppWindows/Help.html (430)
[0820/163639.456:INFO:CONSOLE(430)] "Uncaught TypeError: Cannot read property 'children' of null", source: file:///C:/Users/Back-Warehouse/Documents/Visual%20Studio%202017/Projects/FBAContentApp/FBAContentApp/Views/AppWindows/Help.html (430)
[0820/163645.537:INFO:CONSOLE(430)] "Uncaught TypeError: Cannot read property 'children' of null", source: file:///C:/Users/Back-Warehouse/Documents/Visual%20Studio%202017/Projects/FBAContentApp/FBAContentApp/Views/AppWindows/Help.html (430)
[0820/163656.872:INFO:CONSOLE(430)] "Uncaught TypeError: Cannot read property 'children' of null", source: file:///C:/Users/Back-Warehouse/Documents/Visual%20Studio%202017/Projects/FBAContentApp/FBAContentApp/Views/AppWindows/Help.html (430)
[0820/163819.054:WARNING:render_frame_host_impl.cc(2751)] OnDidStopLoading was called twice.
[0820/163827.823:INFO:CONSOLE(430)] "Uncaught TypeError: Cannot read property 'children' of null", source: file:///C:/Users/Back-Warehouse/Documents/Visual%20Studio%202017/Projects/FBAContentApp/FBAContentApp/Views/AppWindows/Help.html (430)
[0820/163830.310:INFO:CONSOLE(430)] "Uncaught TypeError: Cannot read property 'children' of null", source: file:///C:/Users/Back-Warehouse/Documents/Visual%20Studio%202017/Projects/FBAContentApp/FBAContentApp/Views/AppWindows/Help.html (430)
[0820/163832.912:INFO:CONSOLE(430)] "Uncaught TypeError: Cannot read property 'children' of null", source: file:///C:/Users/Back-Warehouse/Documents/Visual%20Studio%202017/Projects/FBAContentApp/FBAContentApp/Views/AppWindows/Help.html (430)
[0820/163836.039:INFO:CONSOLE(430)] "Uncaught TypeError: Cannot read property 'children' of null", source: file:///C:/Users/Back-Warehouse/Documents/Visual%20Studio%202017/Projects/FBAContentApp/FBAContentApp/Views/AppWindows/Help.html (430)
[0820/163945.655:INFO:CONSOLE(430)] "Uncaught TypeError: Cannot read property 'children' of null", source: file:///C:/Users/Back-Warehouse/Documents/Visual%20Studio%202017/Projects/FBAContentApp/FBAContentApp/Views/AppWindows/Help.html (430)
[0820/164002.798:INFO:CONSOLE(430)] "Uncaught TypeError: Cannot read property 'children' of null", source: file:///C:/Users/Back-Warehouse/Documents/Visual%20Studio%202017/Projects/FBAContentApp/FBAContentApp/Views/AppWindows/Help.html (430)
[0820/164007.486:INFO:CONSOLE(430)] "Uncaught TypeError: Cannot read property 'children' of null", source: file:///C:/Users/Back-Warehouse/Documents/Visual%20Studio%202017/Projects/FBAContentApp/FBAContentApp/Views/AppWindows/Help.html (430)
[0820/164010.318:INFO:CONSOLE(430)] "Uncaught TypeError: Cannot read property 'children' of null", source: file:///C:/Users/Back-Warehouse/Documents/Visual%20Studio%202017/Projects/FBAContentApp/FBAContentApp/Views/AppWindows/Help.html (430)
[0820/164011.862:INFO:CONSOLE(430)] "Uncaught TypeError: Cannot read property 'children' of null", source: file:///C:/Users/Back-Warehouse/Documents/Visual%20Studio%202017/Projects/FBAContentApp/FBAContentApp/Views/AppWindows/Help.html (430)
[0820/164014.886:INFO:CONSOLE(430)] "Uncaught TypeError: Cannot read property 'children' of null", source: file:///C:/Users/Back-Warehouse/Documents/Visual%20Studio%202017/Projects/FBAContentApp/FBAContentApp/Views/AppWindows/Help.html (430)
[0820/164023.045:INFO:CONSOLE(430)] "Uncaught TypeError: Cannot read property 'children' of null", source: file:///C:/Users/Back-Warehouse/Documents/Visual%20Studio%202017/Projects/FBAContentApp/FBAContentApp/Views/AppWindows/Help.html (430)
[0820/164025.061:INFO:CONSOLE(430)] "Uncaught TypeError: Cannot read property 'children' of null", source: file:///C:/Users/Back-Warehouse/Documents/Visual%20Studio%202017/Projects/FBAContentApp/FBAContentApp/Views/AppWindows/Help.html (430)
